# JRE version: Java(TM) SE Runtime Environment (8.0_311-b11) (build 1.8.0_311-b11)
# Java VM: Java HotSpot(TM) 64-Bit Server VM (25.311-b11 mixed mode bsd-amd64 compressed oops)
Heap:
 PSYoungGen      total 141824K, used 32279K [0x000000076ab00000, 0x000000077a100000, 0x00000007c0000000)
  eden space 131072K, 24% used [0x000000076ab00000,0x000000076ca85eb8,0x0000000772b00000)
  from space 10752K, 0% used [0x0000000772b00000,0x0000000772b00000,0x0000000773580000)
  to   space 10752K, 0% used [0x0000000779680000,0x0000000779680000,0x000000077a100000)
 ParOldGen       total 127488K, used 18823K [0x00000006c0000000, 0x00000006c7c80000, 0x000000076ab00000)
  object space 127488K, 14% used [0x00000006c0000000,0x00000006c1261f28,0x00000006c7c80000)
 Metaspace       used 39787K, capacity 42316K, committed 42624K, reserved 1085440K
  class space    used 5701K, capacity 6175K, committed 6272K, reserved 1048576K
GC Heap History (10 events):
Event: 0.943 GC heap before
{Heap before GC invocations=1 (full 0):
 PSYoungGen      total 76288K, used 65536K [0x000000076ab00000, 0x0000000770000000, 0x00000007c0000000)
  eden space 65536K, 100% used [0x000000076ab00000,0x000000076eb00000,0x000000076eb00000)
  from space 10752K, 0% used [0x000000076f580000,0x000000076f580000,0x0000000770000000)
  to   space 10752K, 0% used [0x000000076eb00000,0x000000076eb00000,0x000000076f580000)
 ParOldGen       total 175104K, used 0K [0x00000006c0000000, 0x00000006cab00000, 0x000000076ab00000)
  object space 175104K, 0% used [0x00000006c0000000,0x00000006c0000000,0x00000006cab00000)
 Metaspace       used 17628K, capacity 18320K, committed 18688K, reserved 1064960K
  class space    used 2272K, capacity 2452K, committed 2560K, reserved 1048576K
Event: 0.961 GC heap after
Heap after GC invocations=1 (full 0):
 PSYoungGen      total 76288K, used 10734K [0x000000076ab00000, 0x0000000774000000, 0x00000007c0000000)
  eden space 65536K, 0% used [0x000000076ab00000,0x000000076ab00000,0x000000076eb00000)
  from space 10752K, 99% used [0x000000076eb00000,0x000000076f57bbc8,0x000000076f580000)
  to   space 10752K, 0% used [0x0000000773580000,0x0000000773580000,0x0000000774000000)
 ParOldGen       total 175104K, used 83K [0x00000006c0000000, 0x00000006cab00000, 0x000000076ab00000)
  object space 175104K, 0% used [0x00000006c0000000,0x00000006c0014f38,0x00000006cab00000)
 Metaspace       used 17628K, capacity 18320K, committed 18688K, reserved 1064960K
  class space    used 2272K, capacity 2452K, committed 2560K, reserved 1048576K
}
Event: 1.103 GC heap before
{Heap before GC invocations=2 (full 0):
 PSYoungGen      total 76288K, used 31832K [0x000000076ab00000, 0x0000000774000000, 0x00000007c0000000)
  eden space 65536K, 32% used [0x000000076ab00000,0x000000076bf9a470,0x000000076eb00000)
  from space 10752K, 99% used [0x000000076eb00000,0x000000076f57bbc8,0x000000076f580000)
  to   space 10752K, 0% used [0x0000000773580000,0x0000000773580000,0x0000000774000000)
 ParOldGen       total 175104K, used 83K [0x00000006c0000000, 0x00000006cab00000, 0x000000076ab00000)
  object space 175104K, 0% used [0x00000006c0000000,0x00000006c0014f38,0x00000006cab00000)
 Metaspace       used 20477K, capacity 21258K, committed 21296K, reserved 1067008K
  class space    used 2695K, capacity 2909K, committed 2944K, reserved 1048576K
Event: 1.119 GC heap after
Heap after GC invocations=2 (full 0):
 PSYoungGen      total 141824K, used 7365K [0x000000076ab00000, 0x0000000774000000, 0x00000007c0000000)
  eden space 131072K, 0% used [0x000000076ab00000,0x000000076ab00000,0x0000000772b00000)
  from space 10752K, 68% used [0x0000000773580000,0x0000000773cb1728,0x0000000774000000)
  to   space 10752K, 0% used [0x0000000772b00000,0x0000000772b00000,0x0000000773580000)
 ParOldGen       total 175104K, used 91K [0x00000006c0000000, 0x00000006cab00000, 0x000000076ab00000)
  object space 175104K, 0% used [0x00000006c0000000,0x00000006c0016f38,0x00000006cab00000)
 Metaspace       used 20477K, capacity 21258K, committed 21296K, reserved 1067008K
  class space    used 2695K, capacity 2909K, committed 2944K, reserved 1048576K
}
Event: 1.119 GC heap before
{Heap before GC invocations=3 (full 1):
 PSYoungGen      total 141824K, used 7365K [0x000000076ab00000, 0x0000000774000000, 0x00000007c0000000)
  eden space 131072K, 0% used [0x000000076ab00000,0x000000076ab00000,0x0000000772b00000)
  from space 10752K, 68% used [0x0000000773580000,0x0000000773cb1728,0x0000000774000000)
  to   space 10752K, 0% used [0x0000000772b00000,0x0000000772b00000,0x0000000773580000)
 ParOldGen       total 175104K, used 91K [0x00000006c0000000, 0x00000006cab00000, 0x000000076ab00000)
  object space 175104K, 0% used [0x00000006c0000000,0x00000006c0016f38,0x00000006cab00000)
 Metaspace       used 20477K, capacity 21258K, committed 21296K, reserved 1067008K
  class space    used 2695K, capacity 2909K, committed 2944K, reserved 1048576K
Event: 1.134 GC heap after
Heap after GC invocations=3 (full 1):
 PSYoungGen      total 141824K, used 0K [0x000000076ab00000, 0x0000000774000000, 0x00000007c0000000)
  eden space 131072K, 0% used [0x000000076ab00000,0x000000076ab00000,0x0000000772b00000)
  from space 10752K, 0% used [0x0000000773580000,0x0000000773580000,0x0000000774000000)
  to   space 10752K, 0% used [0x0000000772b00000,0x0000000772b00000,0x0000000773580000)
 ParOldGen       total 85504K, used 7016K [0x00000006c0000000, 0x00000006c5380000, 0x000000076ab00000)
  object space 85504K, 8% used [0x00000006c0000000,0x00000006c06da360,0x00000006c5380000)
 Metaspace       used 20477K, capacity 21258K, committed 21296K, reserved 1067008K
  class space    used 2695K, capacity 2909K, committed 2944K, reserved 1048576K
}
Event: 2.818 GC heap before
{Heap before GC invocations=4 (full 1):
 PSYoungGen      total 141824K, used 119846K [0x000000076ab00000, 0x0000000774000000, 0x00000007c0000000)
  eden space 131072K, 91% used [0x000000076ab00000,0x00000007720098a0,0x0000000772b00000)
  from space 10752K, 0% used [0x0000000773580000,0x0000000773580000,0x0000000774000000)
  to   space 10752K, 0% used [0x0000000772b00000,0x0000000772b00000,0x0000000773580000)
 ParOldGen       total 85504K, used 7016K [0x00000006c0000000, 0x00000006c5380000, 0x000000076ab00000)
  object space 85504K, 8% used [0x00000006c0000000,0x00000006c06da360,0x00000006c5380000)
 Metaspace       used 33050K, capacity 35302K, committed 35456K, reserved 1079296K
  class space    used 4418K, capacity 4866K, committed 4992K, reserved 1048576K
Event: 2.831 GC heap after
Heap after GC invocations=4 (full 1):
 PSYoungGen      total 141824K, used 10741K [0x000000076ab00000, 0x000000077a100000, 0x00000007c0000000)
  eden space 131072K, 0% used [0x000000076ab00000,0x000000076ab00000,0x0000000772b00000)
  from space 10752K, 99% used [0x0000000772b00000,0x000000077357d478,0x0000000773580000)
  to   space 10752K, 0% used [0x0000000779680000,0x0000000779680000,0x000000077a100000)
 ParOldGen       total 85504K, used 12351K [0x00000006c0000000, 0x00000006c5380000, 0x000000076ab00000)
  object space 85504K, 14% used [0x00000006c0000000,0x00000006c0c0fea8,0x00000006c5380000)
 Metaspace       used 33050K, capacity 35302K, committed 35456K, reserved 1079296K
  class space    used 4418K, capacity 4866K, committed 4992K, reserved 1048576K
}
Event: 2.831 GC heap before
{Heap before GC invocations=5 (full 2):
 PSYoungGen      total 141824K, used 10741K [0x000000076ab00000, 0x000000077a100000, 0x00000007c0000000)
  eden space 131072K, 0% used [0x000000076ab00000,0x000000076ab00000,0x0000000772b00000)
  from space 10752K, 99% used [0x0000000772b00000,0x000000077357d478,0x0000000773580000)
  to   space 10752K, 0% used [0x0000000779680000,0x0000000779680000,0x000000077a100000)
 ParOldGen       total 85504K, used 12351K [0x00000006c0000000, 0x00000006c5380000, 0x000000076ab00000)
  object space 85504K, 14% used [0x00000006c0000000,0x00000006c0c0fea8,0x00000006c5380000)
 Metaspace       used 33050K, capacity 35302K, committed 35456K, reserved 1079296K
  class space    used 4418K, capacity 4866K, committed 4992K, reserved 1048576K
Event: 2.873 GC heap after
Heap after GC invocations=5 (full 2):
 PSYoungGen      total 141824K, used 0K [0x000000076ab00000, 0x000000077a100000, 0x00000007c0000000)
  eden space 131072K, 0% used [0x000000076ab00000,0x000000076ab00000,0x0000000772b00000)
  from space 10752K, 0% used [0x0000000772b00000,0x0000000772b00000,0x0000000773580000)
  to   space 10752K, 0% used [0x0000000779680000,0x0000000779680000,0x000000077a100000)
 ParOldGen       total 127488K, used 18823K [0x00000006c0000000, 0x00000006c7c80000, 0x000000076ab00000)
  object space 127488K, 14% used [0x00000006c0000000,0x00000006c1261f28,0x00000006c7c80000)
 Metaspace       used 33050K, capacity 35302K, committed 35456K, reserved 1079296K
  class space    used 4418K, capacity 4866K, committed 4992K, reserved 1048576K
}

